<?xml version="1.0" encoding="UTF-8"?>
<!-- Generated by org.testng.reporters.JUnitXMLReporter -->
<testsuite ignored="0" hostname="luana-Lenovo-IdeaPad-S145-15IIL" failures="1" tests="4" name="Test" time="30.075" errors="0" timestamp="2023-06-15T01:50:58 BRT">
  <testcase classname="test.java.Unidas" name="procurarCidadeInvalida" time="8.394"/>
  <testcase classname="test.java.Unidas" name="procurarCidadeValida" time="6.159"/>
  <testcase classname="test.java.Unidas" name="retiradaDevolucaoDiferentes" time="5.116"/>
  <testcase classname="test.java.Unidas" name="selecionarGrupoDeVeiculos" time="6.085">
    <failure type="org.openqa.selenium.ElementClickInterceptedException" message="element click intercepted: Element is not clickable at point (194, 962)
  (Session info: chrome=104.0.5112.101)
Build info: version: &amp;apos;4.7.2&amp;apos;, revision: &amp;apos;4d4020c3b7&amp;apos;
System info: os.name: &amp;apos;Linux&amp;apos;, os.arch: &amp;apos;amd64&amp;apos;, os.version: &amp;apos;5.15.0-73-generic&amp;apos;, java.version: &amp;apos;17.0.7&amp;apos;
Driver info: org.openqa.selenium.chrome.ChromeDriver
Command: [de9e7e34331ddf06287d83e6b13dcb96, clickElement {id=b098760c-5220-4e99-ac6a-e5ac00d4525a}]
Capabilities {acceptInsecureCerts: false, browserName: chrome, browserVersion: 104.0.5112.101, chrome: {chromedriverVersion: 104.0.5112.79 (3cf3e8c8a07d..., userDataDir: /tmp/.com.google.Chrome.91g42o}, goog:chromeOptions: {debuggerAddress: localhost:45015}, networkConnectionEnabled: false, pageLoadStrategy: normal, platformName: LINUX, proxy: Proxy(), se:cdp: ws://localhost:45015/devtoo..., se:cdpVersion: 104.0.5112.101, setWindowRect: true, strictFileInteractability: false, timeouts: {implicit: 0, pageLoad: 300000, script: 30000}, unhandledPromptBehavior: dismiss and notify, webauthn:extension:credBlob: true, webauthn:extension:largeBlob: true, webauthn:virtualAuthenticators: true}
Element: [[ChromeDriver: chrome on LINUX (de9e7e34331ddf06287d83e6b13dcb96)] -&amp;gt; xpath: (//span[@class=&amp;apos;label&amp;apos;][normalize-space()=&amp;apos;Pagar na retirada&amp;apos;])[1]]
Session ID: de9e7e34331ddf06287d83e6b13dcb96">
      <![CDATA[org.openqa.selenium.ElementClickInterceptedException: element click intercepted: Element is not clickable at point (194, 962)
  (Session info: chrome=104.0.5112.101)
Build info: version: '4.7.2', revision: '4d4020c3b7'
System info: os.name: 'Linux', os.arch: 'amd64', os.version: '5.15.0-73-generic', java.version: '17.0.7'
Driver info: org.openqa.selenium.chrome.ChromeDriver
Command: [de9e7e34331ddf06287d83e6b13dcb96, clickElement {id=b098760c-5220-4e99-ac6a-e5ac00d4525a}]
Capabilities {acceptInsecureCerts: false, browserName: chrome, browserVersion: 104.0.5112.101, chrome: {chromedriverVersion: 104.0.5112.79 (3cf3e8c8a07d..., userDataDir: /tmp/.com.google.Chrome.91g42o}, goog:chromeOptions: {debuggerAddress: localhost:45015}, networkConnectionEnabled: false, pageLoadStrategy: normal, platformName: LINUX, proxy: Proxy(), se:cdp: ws://localhost:45015/devtoo..., se:cdpVersion: 104.0.5112.101, setWindowRect: true, strictFileInteractability: false, timeouts: {implicit: 0, pageLoad: 300000, script: 30000}, unhandledPromptBehavior: dismiss and notify, webauthn:extension:credBlob: true, webauthn:extension:largeBlob: true, webauthn:virtualAuthenticators: true}
Element: [[ChromeDriver: chrome on LINUX (de9e7e34331ddf06287d83e6b13dcb96)] -> xpath: (//span[@class='label'][normalize-space()='Pagar na retirada'])[1]]
Session ID: de9e7e34331ddf06287d83e6b13dcb96
at org.openqa.selenium.remote.codec.w3c.W3CHttpResponseCodec.createException(W3CHttpResponseCodec.java:200)
at org.openqa.selenium.remote.codec.w3c.W3CHttpResponseCodec.decode(W3CHttpResponseCodec.java:133)
at org.openqa.selenium.remote.codec.w3c.W3CHttpResponseCodec.decode(W3CHttpResponseCodec.java:53)
at org.openqa.selenium.remote.HttpCommandExecutor.execute(HttpCommandExecutor.java:184)
at org.openqa.selenium.remote.service.DriverCommandExecutor.invokeExecute(DriverCommandExecutor.java:167)
at org.openqa.selenium.remote.service.DriverCommandExecutor.execute(DriverCommandExecutor.java:142)
at org.openqa.selenium.remote.RemoteWebDriver.execute(RemoteWebDriver.java:535)
at org.openqa.selenium.remote.RemoteWebElement.execute(RemoteWebElement.java:257)
at org.openqa.selenium.remote.RemoteWebElement.click(RemoteWebElement.java:78)
at test.java.Unidas.selecionarGrupoDeVeiculos(Unidas.java:98)
at java.base/java.util.ArrayList.forEach(ArrayList.java:1511)
... Removed 36 stack frames]]>
    </failure>
  </testcase> <!-- selecionarGrupoDeVeiculos -->
</testsuite> <!-- Test -->
